Determining if the pthread_create exist failed with the following output:
Change Dir: /home/evan/Contracting/ProvEye/WorkingDirectory/PLY_Transform/build/CMakeFiles/CMakeTmp

Run Build Command:"/usr/bin/make" "cmTC_21e66/fast"
/usr/bin/make -f CMakeFiles/cmTC_21e66.dir/build.make CMakeFiles/cmTC_21e66.dir/build
make[1]: Entering directory '/home/evan/Contracting/ProvEye/WorkingDirectory/PLY_Transform/build/CMakeFiles/CMakeTmp'
Building C object CMakeFiles/cmTC_21e66.dir/CheckSymbolExists.c.o
/usr/bin/cc    -o CMakeFiles/cmTC_21e66.dir/CheckSymbolExists.c.o   -c /home/evan/Contracting/ProvEye/WorkingDirectory/PLY_Transform/build/CMakeFiles/CMakeTmp/CheckSymbolExists.c
Linking C executable cmTC_21e66
/usr/local/bin/cmake -E cmake_link_script CMakeFiles/cmTC_21e66.dir/link.txt --verbose=1
/usr/bin/cc      -rdynamic CMakeFiles/cmTC_21e66.dir/CheckSymbolExists.c.o  -o cmTC_21e66 
CMakeFiles/cmTC_21e66.dir/CheckSymbolExists.c.o: In function `main':
CheckSymbolExists.c:(.text+0x1b): undefined reference to `pthread_create'
collect2: error: ld returned 1 exit status
CMakeFiles/cmTC_21e66.dir/build.make:97: recipe for target 'cmTC_21e66' failed
make[1]: *** [cmTC_21e66] Error 1
make[1]: Leaving directory '/home/evan/Contracting/ProvEye/WorkingDirectory/PLY_Transform/build/CMakeFiles/CMakeTmp'
Makefile:126: recipe for target 'cmTC_21e66/fast' failed
make: *** [cmTC_21e66/fast] Error 2

File /home/evan/Contracting/ProvEye/WorkingDirectory/PLY_Transform/build/CMakeFiles/CMakeTmp/CheckSymbolExists.c:
/* */
#include <pthread.h>

int main(int argc, char** argv)
{
  (void)argv;
#ifndef pthread_create
  return ((int*)(&pthread_create))[argc];
#else
  (void)argc;
  return 0;
#endif
}

Determining if the function pthread_create exists in the pthreads failed with the following output:
Change Dir: /home/evan/Contracting/ProvEye/WorkingDirectory/PLY_Transform/build/CMakeFiles/CMakeTmp

Run Build Command:"/usr/bin/make" "cmTC_19a0e/fast"
/usr/bin/make -f CMakeFiles/cmTC_19a0e.dir/build.make CMakeFiles/cmTC_19a0e.dir/build
make[1]: Entering directory '/home/evan/Contracting/ProvEye/WorkingDirectory/PLY_Transform/build/CMakeFiles/CMakeTmp'
Building C object CMakeFiles/cmTC_19a0e.dir/CheckFunctionExists.c.o
/usr/bin/cc   -DCHECK_FUNCTION_EXISTS=pthread_create   -o CMakeFiles/cmTC_19a0e.dir/CheckFunctionExists.c.o   -c /usr/local/share/cmake-3.10/Modules/CheckFunctionExists.c
Linking C executable cmTC_19a0e
/usr/local/bin/cmake -E cmake_link_script CMakeFiles/cmTC_19a0e.dir/link.txt --verbose=1
/usr/bin/cc  -DCHECK_FUNCTION_EXISTS=pthread_create    -rdynamic CMakeFiles/cmTC_19a0e.dir/CheckFunctionExists.c.o  -o cmTC_19a0e -lpthreads 
/usr/bin/ld: cannot find -lpthreads
collect2: error: ld returned 1 exit status
CMakeFiles/cmTC_19a0e.dir/build.make:97: recipe for target 'cmTC_19a0e' failed
make[1]: *** [cmTC_19a0e] Error 1
make[1]: Leaving directory '/home/evan/Contracting/ProvEye/WorkingDirectory/PLY_Transform/build/CMakeFiles/CMakeTmp'
Makefile:126: recipe for target 'cmTC_19a0e/fast' failed
make: *** [cmTC_19a0e/fast] Error 2


